app/build/intermediates/manifest_merge_blame_file/debug/manifest-merger-blame-debug-report.txt
1<?xml version="1.0" encoding="utf-8"?>
2<manifest xmlns:android="http://schemas.android.com/apk/res/android"
3    package="com.cdp.agenda"
4    android:versionCode="1"
5    android:versionName="1.0" >
6
7    <uses-sdk
8        android:minSdkVersion="21"
8-->src\main\AndroidManifest.xml
9        android:targetSdkVersion="30" />
9-->src\main\AndroidManifest.xml
10
11    <application
11-->src\main\AndroidManifest.xml:5:5-45:19
12        android:allowBackup="true"
12-->src\main\AndroidManifest.xml:6:9-35
13        android:appComponentFactory="androidx.core.app.CoreComponentFactory"
13-->[androidx.core:core:1.3.1] AndroidManifest.xml:24:18-86
14        android:debuggable="true"
15        android:icon="@mipmap/ic_launcher"
15-->src\main\AndroidManifest.xml:7:9-43
16        android:label="@string/app_name"
16-->src\main\AndroidManifest.xml:8:9-41
17        android:roundIcon="@mipmap/ic_launcher_round"
17-->src\main\AndroidManifest.xml:9:9-54
18        android:supportsRtl="true"
18-->src\main\AndroidManifest.xml:10:9-35
19        android:testOnly="true"
20        android:theme="@style/AppTheme" >
20-->src\main\AndroidManifest.xml:11:9-40
21        <activity
21-->src\main\AndroidManifest.xml:13:9-19:20
22            android:name="com.cdp.agenda.NuevoActivity"
22-->src\main\AndroidManifest.xml:14:13-42
23            android:parentActivityName="com.cdp.agenda.MainActivity" >
23-->src\main\AndroidManifest.xml:15:13-55
24            <meta-data
24-->src\main\AndroidManifest.xml:16:13-18:49
25                android:name="android.support.PARENT_ACTIVITY"
25-->src\main\AndroidManifest.xml:17:17-63
26                android:value=".MainActivity" />
26-->src\main\AndroidManifest.xml:18:17-46
27        </activity>
28        <activity android:name="com.cdp.agenda.MainActivity" >
28-->src\main\AndroidManifest.xml:20:9-26:20
28-->src\main\AndroidManifest.xml:20:19-47
29            <intent-filter>
29-->src\main\AndroidManifest.xml:21:13-25:29
30                <action android:name="android.intent.action.MAIN" />
30-->src\main\AndroidManifest.xml:22:17-69
30-->src\main\AndroidManifest.xml:22:25-66
31
32                <category android:name="android.intent.category.LAUNCHER" />
32-->src\main\AndroidManifest.xml:24:17-77
32-->src\main\AndroidManifest.xml:24:27-74
33            </intent-filter>
34        </activity>
35        <activity
35-->src\main\AndroidManifest.xml:28:9-35:20
36            android:name="com.cdp.agenda.VerActivity"
36-->src\main\AndroidManifest.xml:29:13-40
37            android:parentActivityName="com.cdp.agenda.MainActivity" >
37-->src\main\AndroidManifest.xml:30:13-55
38            <meta-data
38-->src\main\AndroidManifest.xml:16:13-18:49
39                android:name="android.support.PARENT_ACTIVITY"
39-->src\main\AndroidManifest.xml:17:17-63
40                android:value=".MainActivity" />
40-->src\main\AndroidManifest.xml:18:17-46
41        </activity>
42        <activity
42-->src\main\AndroidManifest.xml:37:9-44:20
43            android:name="com.cdp.agenda.EditarActivity"
43-->src\main\AndroidManifest.xml:38:13-43
44            android:parentActivityName="com.cdp.agenda.MainActivity" >
44-->src\main\AndroidManifest.xml:39:13-55
45            <meta-data
45-->src\main\AndroidManifest.xml:16:13-18:49
46                android:name="android.support.PARENT_ACTIVITY"
46-->src\main\AndroidManifest.xml:17:17-63
47                android:value=".MainActivity" />
47-->src\main\AndroidManifest.xml:18:17-46
48        </activity>
49    </application>
50
51</manifest>